<?xml version="1.0" encoding="UTF-8"?>
<testng-results ignored="0" total="1" passed="1" failed="0" skipped="0">
  <reporter-output>
  </reporter-output>
  <suite started-at="2023-04-21T15:53:41 IST" name="Default suite" finished-at="2023-04-21T15:53:42 IST" duration-ms="72">
    <groups>
    </groups>
    <test started-at="2023-04-21T15:53:41 IST" name="Default test" finished-at="2023-04-21T15:53:42 IST" duration-ms="72">
      <class name="Constrcter.Testng123">
        <test-method is-config="true" signature="beforeClass()[pri:0, instance:Constrcter.Testng123@be35cd9]" started-at="2023-04-21T15:53:41 IST" name="beforeClass" finished-at="2023-04-21T15:53:41 IST" duration-ms="10" status="PASS">
          <reporter-output>
          </reporter-output>
        </test-method> <!-- beforeClass -->
        <test-method is-config="true" signature="test1212()[pri:0, instance:Constrcter.Testng123@be35cd9]" started-at="2023-04-21T15:53:42 IST" name="test1212" finished-at="2023-04-21T15:53:42 IST" duration-ms="0" status="PASS">
          <reporter-output>
          </reporter-output>
        </test-method> <!-- test1212 -->
        <test-method signature="test134()[pri:0, instance:Constrcter.Testng123@be35cd9]" started-at="2023-04-21T15:53:42 IST" name="test134" finished-at="2023-04-21T15:53:42 IST" duration-ms="9" status="PASS">
          <reporter-output>
          </reporter-output>
        </test-method> <!-- test134 -->
      </class> <!-- Constrcter.Testng123 -->
    </test> <!-- Default test -->
  </suite> <!-- Default suite -->
</testng-results>
